\BOOKMARK [1][-]{section.1}{\376\377\000I\000n\000t\000r\000o\000d\000u\000c\000t\000i\000o\000n}{}% 1
\BOOKMARK [1][-]{section.2}{\376\377\000A\000u\000t\000o\000e\000n\000c\000o\000d\000e\000r\000s}{}% 2
\BOOKMARK [2][-]{subsection.2.1}{\376\377\000F\000o\000r\000\040\000w\000h\000a\000t\000\040\000a\000r\000e\000\040\000A\000u\000t\000o\000e\000n\000c\000o\000d\000e\000r\000s\000\040\000u\000s\000e\000d\000?}{section.2}% 3
\BOOKMARK [3][-]{subsubsection.2.1.1}{\376\377\000D\000i\000m\000e\000n\000s\000i\000o\000n\000a\000l\000i\000t\000y\000\040\000R\000e\000d\000u\000c\000t\000i\000o\000n}{subsection.2.1}% 4
\BOOKMARK [3][-]{subsubsection.2.1.2}{\376\377\000D\000a\000t\000a\000\040\000D\000e\000n\000o\000i\000s\000i\000n\000g}{subsection.2.1}% 5
\BOOKMARK [3][-]{subsubsection.2.1.3}{\376\377\000F\000e\000a\000t\000u\000r\000e\000\040\000v\000a\000r\000i\000a\000t\000i\000o\000n}{subsection.2.1}% 6
\BOOKMARK [3][-]{subsubsection.2.1.4}{\376\377\000O\000t\000h\000e\000r\000\040\000a\000p\000p\000l\000i\000c\000a\000t\000i\000o\000n\000s}{subsection.2.1}% 7
\BOOKMARK [2][-]{subsection.2.2}{\376\377\000A\000r\000h\000i\000t\000e\000t\000u\000r\000e\000\040\000o\000f\000\040\000A\000u\000t\000o\000e\000n\000c\000o\000d\000e\000r\000s}{section.2}% 8
\BOOKMARK [3][-]{subsubsection.2.2.1}{\376\377\000E\000n\000c\000o\000d\000e\000r}{subsection.2.2}% 9
\BOOKMARK [3][-]{subsubsection.2.2.2}{\376\377\000B\000o\000t\000t\000l\000e\000n\000e\000c\000k}{subsection.2.2}% 10
\BOOKMARK [3][-]{subsubsection.2.2.3}{\376\377\000D\000e\000c\000o\000d\000e\000r}{subsection.2.2}% 11
\BOOKMARK [2][-]{subsection.2.3}{\376\377\000T\000r\000a\000i\000n\000i\000n\000g\000\040\000A\000u\000t\000o\000e\000n\000c\000o\000d\000e\000r\000s}{section.2}% 12
\BOOKMARK [2][-]{subsection.2.4}{\376\377\000T\000y\000p\000e\000s\000\040\000o\000f\000\040\000A\000u\000t\000o\000e\000n\000c\000o\000d\000e\000r\000s}{section.2}% 13
\BOOKMARK [2][-]{subsection.2.5}{\376\377\000S\000p\000a\000r\000s\000e\000\040\000a\000u\000t\000o\000e\000n\000c\000o\000d\000e\000r\000s}{section.2}% 14
\BOOKMARK [3][-]{subsubsection.2.5.1}{\376\377\000L\000o\000s\000s\000\040\000f\000u\000n\000c\000t\000i\000o\000n}{subsection.2.5}% 15
\BOOKMARK [2][-]{subsection.2.6}{\376\377\000D\000e\000n\000o\000i\000s\000i\000n\000g}{section.2}% 16
\BOOKMARK [3][-]{subsubsection.2.6.1}{\376\377\000C\000o\000r\000r\000u\000p\000t\000i\000o\000n\000\040\000p\000r\000o\000c\000e\000s\000s}{subsection.2.6}% 17
\BOOKMARK [3][-]{subsubsection.2.6.2}{\376\377\000L\000o\000s\000s\000\040\000f\000u\000n\000c\000t\000i\000o\000n}{subsection.2.6}% 18
\BOOKMARK [2][-]{subsection.2.7}{\376\377\000V\000a\000r\000i\000a\000t\000i\000o\000n\000a\000l\000\040\000A\000u\000t\000o\000e\000n\000c\000o\000d\000e\000r\000s\000\040\000\050\000V\000A\000E\000s\000\051}{section.2}% 19
\BOOKMARK [3][-]{subsubsection.2.7.1}{\376\377\000L\000a\000t\000e\000n\000t\000\040\000s\000p\000a\000c\000e}{subsection.2.7}% 20
\BOOKMARK [3][-]{subsubsection.2.7.2}{\376\377\000L\000a\000t\000e\000n\000t\000\040\000s\000p\000a\000c\000e\000\040\000r\000e\000g\000u\000l\000a\000r\000i\000t\000y}{subsection.2.7}% 21
\BOOKMARK [3][-]{subsubsection.2.7.3}{\376\377\000R\000e\000p\000a\000r\000a\000m\000e\000t\000e\000r\000i\000z\000a\000t\000i\000o\000n\000\040\000t\000r\000i\000c\000k}{subsection.2.7}% 22
\BOOKMARK [3][-]{subsubsection.2.7.4}{\376\377\000L\000o\000s\000s\000\040\000f\000u\000n\000c\000t\000i\000o\000n}{subsection.2.7}% 23
\BOOKMARK [3][-]{subsubsection.2.7.5}{\376\377\000A\000p\000p\000l\000i\000c\000a\000t\000i\000o\000n\000s}{subsection.2.7}% 24
\BOOKMARK [1][-]{section.3}{\376\377\000G\000e\000n\000e\000r\000a\000t\000i\000v\000e\000\040\000a\000d\000v\000e\000r\000s\000a\000r\000i\000a\000l\000\040\000n\000e\000t\000w\000o\000r\000k\000s}{}% 25
\BOOKMARK [2][-]{subsection.3.1}{\376\377\000G\000e\000n\000e\000r\000a\000t\000o\000r}{section.3}% 26
\BOOKMARK [2][-]{subsection.3.2}{\376\377\000D\000i\000s\000c\000r\000i\000m\000i\000n\000a\000t\000o\000r}{section.3}% 27
\BOOKMARK [2][-]{subsection.3.3}{\376\377\000T\000r\000a\000i\000n\000i\000n\000g}{section.3}% 28
\BOOKMARK [2][-]{subsection.3.4}{\376\377\000L\000o\000s\000s\000\040\000f\000u\000n\000c\000t\000i\000o\000n}{section.3}% 29
\BOOKMARK [2][-]{subsection.3.5}{\376\377\000A\000p\000p\000l\000i\000c\000a\000t\000i\000o\000n\000s}{section.3}% 30
\BOOKMARK [3][-]{subsubsection.3.5.1}{\376\377\000I\000m\000a\000g\000e\000\040\000S\000y\000n\000t\000h\000e\000s\000i\000s}{subsection.3.5}% 31
\BOOKMARK [3][-]{subsubsection.3.5.2}{\376\377\000S\000t\000y\000l\000e\000\040\000T\000r\000a\000n\000s\000f\000e\000r}{subsection.3.5}% 32
\BOOKMARK [3][-]{subsubsection.3.5.3}{\376\377\000D\000a\000t\000a\000\040\000A\000u\000g\000m\000e\000n\000t\000a\000t\000i\000o\000n}{subsection.3.5}% 33
\BOOKMARK [1][-]{section.4}{\376\377\000D\000i\000f\000f\000u\000s\000i\000o\000n\000\040\000M\000o\000d\000e\000l\000s}{}% 34
\BOOKMARK [2][-]{subsection.4.1}{\376\377\000H\000o\000w\000\040\000D\000i\000f\000f\000u\000s\000i\000o\000n\000\040\000M\000o\000d\000e\000l\000s\000\040\000W\000o\000r\000k}{section.4}% 35
\BOOKMARK [2][-]{subsection.4.2}{\376\377\000M\000a\000t\000h\000e\000m\000a\000t\000i\000c\000a\000l\000\040\000F\000o\000r\000m\000u\000l\000a\000t\000i\000o\000n\000\040\000o\000f\000\040\000t\000h\000e\000\040\000L\000o\000s\000s\000\040\000F\000u\000n\000c\000t\000i\000o\000n}{section.4}% 36
\BOOKMARK [2][-]{subsection.4.3}{\376\377\000B\000r\000e\000a\000k\000t\000h\000r\000o\000u\000g\000h\000s\000\040\000a\000n\000d\000\040\000T\000r\000a\000i\000n\000i\000n\000g\000\040\000P\000r\000o\000c\000e\000s\000s}{section.4}% 37
\BOOKMARK [2][-]{subsection.4.4}{\376\377\000A\000p\000p\000l\000i\000c\000a\000t\000i\000o\000n\000s\000\040\000a\000n\000d\000\040\000F\000u\000t\000u\000r\000e\000\040\000P\000r\000o\000s\000p\000e\000c\000t\000s}{section.4}% 38
\BOOKMARK [1][-]{section.5}{\376\377\000C\000o\000n\000c\000l\000u\000s\000i\000o\000n}{}% 39
\BOOKMARK [1][-]{section.6}{\376\377\000R\000e\000f\000e\000r\000e\000n\000c\000e\000s}{}% 40
